[15-Apr-2022 07:51:03 UTC] PHP Notice:  WP_Block_Type_Registry::register was called <strong>incorrectly</strong>. Block type "affiliatewp/affiliate-area" is already registered. Please see <a href="https://wordpress.org/support/article/debugging-in-wordpress/">Debugging in WordPress</a> for more information. (This message was added in version 5.0.0.) in /app/wordpress/wp-includes/functions.php on line 5663
[15-Apr-2022 07:51:03 UTC] PHP Notice:  WP_Block_Type_Registry::register was called <strong>incorrectly</strong>. Block type "affiliatewp/registration" is already registered. Please see <a href="https://wordpress.org/support/article/debugging-in-wordpress/">Debugging in WordPress</a> for more information. (This message was added in version 5.0.0.) in /app/wordpress/wp-includes/functions.php on line 5663
[15-Apr-2022 07:51:03 UTC] PHP Notice:  WP_Block_Type_Registry::register was called <strong>incorrectly</strong>. Block type "affiliatewp/login" is already registered. Please see <a href="https://wordpress.org/support/article/debugging-in-wordpress/">Debugging in WordPress</a> for more information. (This message was added in version 5.0.0.) in /app/wordpress/wp-includes/functions.php on line 5663
[15-Apr-2022 07:51:03 UTC] PHP Notice:  WP_Block_Type_Registry::register was called <strong>incorrectly</strong>. Block type "affiliatewp/affiliate-content" is already registered. Please see <a href="https://wordpress.org/support/article/debugging-in-wordpress/">Debugging in WordPress</a> for more information. (This message was added in version 5.0.0.) in /app/wordpress/wp-includes/functions.php on line 5663
[15-Apr-2022 07:51:03 UTC] PHP Notice:  WP_Block_Type_Registry::register was called <strong>incorrectly</strong>. Block type "affiliatewp/non-affiliate-content" is already registered. Please see <a href="https://wordpress.org/support/article/debugging-in-wordpress/">Debugging in WordPress</a> for more information. (This message was added in version 5.0.0.) in /app/wordpress/wp-includes/functions.php on line 5663
[15-Apr-2022 07:51:03 UTC] PHP Notice:  WP_Block_Type_Registry::register was called <strong>incorrectly</strong>. Block type "affiliatewp/opt-in" is already registered. Please see <a href="https://wordpress.org/support/article/debugging-in-wordpress/">Debugging in WordPress</a> for more information. (This message was added in version 5.0.0.) in /app/wordpress/wp-includes/functions.php on line 5663
[15-Apr-2022 07:51:03 UTC] PHP Notice:  WP_Block_Type_Registry::register was called <strong>incorrectly</strong>. Block type "affiliatewp/affiliate-referral-url" is already registered. Please see <a href="https://wordpress.org/support/article/debugging-in-wordpress/">Debugging in WordPress</a> for more information. (This message was added in version 5.0.0.) in /app/wordpress/wp-includes/functions.php on line 5663
[15-Apr-2022 07:51:03 UTC] PHP Notice:  WP_Block_Type_Registry::register was called <strong>incorrectly</strong>. Block type "affiliatewp/affiliate-creatives" is already registered. Please see <a href="https://wordpress.org/support/article/debugging-in-wordpress/">Debugging in WordPress</a> for more information. (This message was added in version 5.0.0.) in /app/wordpress/wp-includes/functions.php on line 5663
[15-Apr-2022 07:51:03 UTC] PHP Notice:  WP_Block_Type_Registry::register was called <strong>incorrectly</strong>. Block type "affiliatewp/affiliate-creative" is already registered. Please see <a href="https://wordpress.org/support/article/debugging-in-wordpress/">Debugging in WordPress</a> for more information. (This message was added in version 5.0.0.) in /app/wordpress/wp-includes/functions.php on line 5663
[15-Apr-2022 07:51:12 UTC] PHP Notice:  WP_Block_Type_Registry::register was called <strong>incorrectly</strong>. Block type "affiliatewp/affiliate-area" is already registered. Please see <a href="https://wordpress.org/support/article/debugging-in-wordpress/">Debugging in WordPress</a> for more information. (This message was added in version 5.0.0.) in /app/wordpress/wp-includes/functions.php on line 5663
[15-Apr-2022 07:51:12 UTC] PHP Notice:  WP_Block_Type_Registry::register was called <strong>incorrectly</strong>. Block type "affiliatewp/registration" is already registered. Please see <a href="https://wordpress.org/support/article/debugging-in-wordpress/">Debugging in WordPress</a> for more information. (This message was added in version 5.0.0.) in /app/wordpress/wp-includes/functions.php on line 5663
[15-Apr-2022 07:51:12 UTC] PHP Notice:  WP_Block_Type_Registry::register was called <strong>incorrectly</strong>. Block type "affiliatewp/login" is already registered. Please see <a href="https://wordpress.org/support/article/debugging-in-wordpress/">Debugging in WordPress</a> for more information. (This message was added in version 5.0.0.) in /app/wordpress/wp-includes/functions.php on line 5663
[15-Apr-2022 07:51:12 UTC] PHP Notice:  WP_Block_Type_Registry::register was called <strong>incorrectly</strong>. Block type "affiliatewp/affiliate-content" is already registered. Please see <a href="https://wordpress.org/support/article/debugging-in-wordpress/">Debugging in WordPress</a> for more information. (This message was added in version 5.0.0.) in /app/wordpress/wp-includes/functions.php on line 5663
[15-Apr-2022 07:51:12 UTC] PHP Notice:  WP_Block_Type_Registry::register was called <strong>incorrectly</strong>. Block type "affiliatewp/non-affiliate-content" is already registered. Please see <a href="https://wordpress.org/support/article/debugging-in-wordpress/">Debugging in WordPress</a> for more information. (This message was added in version 5.0.0.) in /app/wordpress/wp-includes/functions.php on line 5663
[15-Apr-2022 07:51:12 UTC] PHP Notice:  WP_Block_Type_Registry::register was called <strong>incorrectly</strong>. Block type "affiliatewp/opt-in" is already registered. Please see <a href="https://wordpress.org/support/article/debugging-in-wordpress/">Debugging in WordPress</a> for more information. (This message was added in version 5.0.0.) in /app/wordpress/wp-includes/functions.php on line 5663
[15-Apr-2022 07:51:12 UTC] PHP Notice:  WP_Block_Type_Registry::register was called <strong>incorrectly</strong>. Block type "affiliatewp/affiliate-referral-url" is already registered. Please see <a href="https://wordpress.org/support/article/debugging-in-wordpress/">Debugging in WordPress</a> for more information. (This message was added in version 5.0.0.) in /app/wordpress/wp-includes/functions.php on line 5663
[15-Apr-2022 07:51:12 UTC] PHP Notice:  WP_Block_Type_Registry::register was called <strong>incorrectly</strong>. Block type "affiliatewp/affiliate-creatives" is already registered. Please see <a href="https://wordpress.org/support/article/debugging-in-wordpress/">Debugging in WordPress</a> for more information. (This message was added in version 5.0.0.) in /app/wordpress/wp-includes/functions.php on line 5663
[15-Apr-2022 07:51:12 UTC] PHP Notice:  WP_Block_Type_Registry::register was called <strong>incorrectly</strong>. Block type "affiliatewp/affiliate-creative" is already registered. Please see <a href="https://wordpress.org/support/article/debugging-in-wordpress/">Debugging in WordPress</a> for more information. (This message was added in version 5.0.0.) in /app/wordpress/wp-includes/functions.php on line 5663
[15-Apr-2022 07:51:13 UTC] PHP Notice:  WP_Block_Type_Registry::register was called <strong>incorrectly</strong>. Block type "affiliatewp/affiliate-area" is already registered. Please see <a href="https://wordpress.org/support/article/debugging-in-wordpress/">Debugging in WordPress</a> for more information. (This message was added in version 5.0.0.) in /app/wordpress/wp-includes/functions.php on line 5663
[15-Apr-2022 07:51:13 UTC] PHP Notice:  WP_Block_Type_Registry::register was called <strong>incorrectly</strong>. Block type "affiliatewp/registration" is already registered. Please see <a href="https://wordpress.org/support/article/debugging-in-wordpress/">Debugging in WordPress</a> for more information. (This message was added in version 5.0.0.) in /app/wordpress/wp-includes/functions.php on line 5663
[15-Apr-2022 07:51:13 UTC] PHP Notice:  WP_Block_Type_Registry::register was called <strong>incorrectly</strong>. Block type "affiliatewp/login" is already registered. Please see <a href="https://wordpress.org/support/article/debugging-in-wordpress/">Debugging in WordPress</a> for more information. (This message was added in version 5.0.0.) in /app/wordpress/wp-includes/functions.php on line 5663
[15-Apr-2022 07:51:13 UTC] PHP Notice:  WP_Block_Type_Registry::register was called <strong>incorrectly</strong>. Block type "affiliatewp/affiliate-content" is already registered. Please see <a href="https://wordpress.org/support/article/debugging-in-wordpress/">Debugging in WordPress</a> for more information. (This message was added in version 5.0.0.) in /app/wordpress/wp-includes/functions.php on line 5663
[15-Apr-2022 07:51:13 UTC] PHP Notice:  WP_Block_Type_Registry::register was called <strong>incorrectly</strong>. Block type "affiliatewp/non-affiliate-content" is already registered. Please see <a href="https://wordpress.org/support/article/debugging-in-wordpress/">Debugging in WordPress</a> for more information. (This message was added in version 5.0.0.) in /app/wordpress/wp-includes/functions.php on line 5663
[15-Apr-2022 07:51:13 UTC] PHP Notice:  WP_Block_Type_Registry::register was called <strong>incorrectly</strong>. Block type "affiliatewp/opt-in" is already registered. Please see <a href="https://wordpress.org/support/article/debugging-in-wordpress/">Debugging in WordPress</a> for more information. (This message was added in version 5.0.0.) in /app/wordpress/wp-includes/functions.php on line 5663
[15-Apr-2022 07:51:13 UTC] PHP Notice:  WP_Block_Type_Registry::register was called <strong>incorrectly</strong>. Block type "affiliatewp/affiliate-referral-url" is already registered. Please see <a href="https://wordpress.org/support/article/debugging-in-wordpress/">Debugging in WordPress</a> for more information. (This message was added in version 5.0.0.) in /app/wordpress/wp-includes/functions.php on line 5663
[15-Apr-2022 07:51:13 UTC] PHP Notice:  WP_Block_Type_Registry::register was called <strong>incorrectly</strong>. Block type "affiliatewp/affiliate-creatives" is already registered. Please see <a href="https://wordpress.org/support/article/debugging-in-wordpress/">Debugging in WordPress</a> for more information. (This message was added in version 5.0.0.) in /app/wordpress/wp-includes/functions.php on line 5663
[15-Apr-2022 07:51:13 UTC] PHP Notice:  WP_Block_Type_Registry::register was called <strong>incorrectly</strong>. Block type "affiliatewp/affiliate-creative" is already registered. Please see <a href="https://wordpress.org/support/article/debugging-in-wordpress/">Debugging in WordPress</a> for more information. (This message was added in version 5.0.0.) in /app/wordpress/wp-includes/functions.php on line 5663
[15-Apr-2022 07:51:15 UTC] PHP Notice:  WP_Block_Type_Registry::register was called <strong>incorrectly</strong>. Block type "affiliatewp/affiliate-area" is already registered. Please see <a href="https://wordpress.org/support/article/debugging-in-wordpress/">Debugging in WordPress</a> for more information. (This message was added in version 5.0.0.) in /app/wordpress/wp-includes/functions.php on line 5663
[15-Apr-2022 07:51:15 UTC] PHP Notice:  WP_Block_Type_Registry::register was called <strong>incorrectly</strong>. Block type "affiliatewp/registration" is already registered. Please see <a href="https://wordpress.org/support/article/debugging-in-wordpress/">Debugging in WordPress</a> for more information. (This message was added in version 5.0.0.) in /app/wordpress/wp-includes/functions.php on line 5663
[15-Apr-2022 07:51:15 UTC] PHP Notice:  WP_Block_Type_Registry::register was called <strong>incorrectly</strong>. Block type "affiliatewp/login" is already registered. Please see <a href="https://wordpress.org/support/article/debugging-in-wordpress/">Debugging in WordPress</a> for more information. (This message was added in version 5.0.0.) in /app/wordpress/wp-includes/functions.php on line 5663
[15-Apr-2022 07:51:15 UTC] PHP Notice:  WP_Block_Type_Registry::register was called <strong>incorrectly</strong>. Block type "affiliatewp/affiliate-content" is already registered. Please see <a href="https://wordpress.org/support/article/debugging-in-wordpress/">Debugging in WordPress</a> for more information. (This message was added in version 5.0.0.) in /app/wordpress/wp-includes/functions.php on line 5663
[15-Apr-2022 07:51:15 UTC] PHP Notice:  WP_Block_Type_Registry::register was called <strong>incorrectly</strong>. Block type "affiliatewp/non-affiliate-content" is already registered. Please see <a href="https://wordpress.org/support/article/debugging-in-wordpress/">Debugging in WordPress</a> for more information. (This message was added in version 5.0.0.) in /app/wordpress/wp-includes/functions.php on line 5663
[15-Apr-2022 07:51:15 UTC] PHP Notice:  WP_Block_Type_Registry::register was called <strong>incorrectly</strong>. Block type "affiliatewp/opt-in" is already registered. Please see <a href="https://wordpress.org/support/article/debugging-in-wordpress/">Debugging in WordPress</a> for more information. (This message was added in version 5.0.0.) in /app/wordpress/wp-includes/functions.php on line 5663
[15-Apr-2022 07:51:15 UTC] PHP Notice:  WP_Block_Type_Registry::register was called <strong>incorrectly</strong>. Block type "affiliatewp/affiliate-referral-url" is already registered. Please see <a href="https://wordpress.org/support/article/debugging-in-wordpress/">Debugging in WordPress</a> for more information. (This message was added in version 5.0.0.) in /app/wordpress/wp-includes/functions.php on line 5663
[15-Apr-2022 07:51:15 UTC] PHP Notice:  WP_Block_Type_Registry::register was called <strong>incorrectly</strong>. Block type "affiliatewp/affiliate-creatives" is already registered. Please see <a href="https://wordpress.org/support/article/debugging-in-wordpress/">Debugging in WordPress</a> for more information. (This message was added in version 5.0.0.) in /app/wordpress/wp-includes/functions.php on line 5663
[15-Apr-2022 07:51:15 UTC] PHP Notice:  WP_Block_Type_Registry::register was called <strong>incorrectly</strong>. Block type "affiliatewp/affiliate-creative" is already registered. Please see <a href="https://wordpress.org/support/article/debugging-in-wordpress/">Debugging in WordPress</a> for more information. (This message was added in version 5.0.0.) in /app/wordpress/wp-includes/functions.php on line 5663
[15-Apr-2022 07:52:35 UTC] WordPress database error Table 'wordpress.wp_mclean_scan' doesn't exist for query DELETE FROM wp_mclean_scan WHERE postId = 169282 made by WP_Import->dispatch, WP_Import->import, WP_Import->import_end, wp_import_cleanup, wp_delete_attachment, do_action('delete_attachment'), WP_Hook->do_action, WP_Hook->apply_filters, Meow_WPMC_Core->delete_or_trash_attachment
[15-Apr-2022 07:53:22 UTC] PHP Notice:  Trying to get property 'user_id' of non-object in /app/wordpress/wp-includes/comment-template.php on line 28
[15-Apr-2022 07:53:22 UTC] PHP Notice:  Trying to get property 'comment_ID' of non-object in /app/wordpress/wp-includes/comment-template.php on line 48
[15-Apr-2022 07:55:31 UTC] WordPress database error Table 'wordpress.wp_mclean_scan' doesn't exist for query DELETE FROM wp_mclean_scan WHERE postId = 169284 made by WP_Import->dispatch, WP_Import->import, WP_Import->import_end, wp_import_cleanup, wp_delete_attachment, do_action('delete_attachment'), WP_Hook->do_action, WP_Hook->apply_filters, Meow_WPMC_Core->delete_or_trash_attachment
[15-Apr-2022 07:56:06 UTC] WordPress database error Table 'wordpress.wp_mclean_scan' doesn't exist for query DELETE FROM wp_mclean_scan WHERE postId = 169285 made by WP_Import->dispatch, WP_Import->import, WP_Import->import_end, wp_import_cleanup, wp_delete_attachment, do_action('delete_attachment'), WP_Hook->do_action, WP_Hook->apply_filters, Meow_WPMC_Core->delete_or_trash_attachment
[15-Apr-2022 07:58:11 UTC] WordPress database error Table 'wordpress.wp_mclean_scan' doesn't exist for query DELETE FROM wp_mclean_scan WHERE postId = 169283 made by WP_Import->dispatch, WP_Import->import, WP_Import->import_end, wp_import_cleanup, wp_delete_attachment, do_action('delete_attachment'), WP_Hook->do_action, WP_Hook->apply_filters, Meow_WPMC_Core->delete_or_trash_attachment
[15-Apr-2022 07:58:40 UTC] PHP Notice:  Undefined index: page in /app/wordpress/wp-content/plugins/publishpress-checklists/modules/settings/settings.php on line 427
[15-Apr-2022 07:59:10 UTC] PHP Warning:  call_user_func_array() expects parameter 1 to be a valid callback, no array or string given in /app/wordpress/wp-includes/class-wp-hook.php on line 303
[15-Apr-2022 07:59:11 UTC] PHP Deprecated:  block_categories is <strong>deprecated</strong> since version 5.8.0! Use block_categories_all instead. in /app/wordpress/wp-includes/functions.php on line 5586
[15-Apr-2022 08:01:27 UTC] PHP Warning:  call_user_func_array() expects parameter 1 to be a valid callback, no array or string given in /app/wordpress/wp-includes/class-wp-hook.php on line 303
[15-Apr-2022 08:01:27 UTC] PHP Deprecated:  block_categories is <strong>deprecated</strong> since version 5.8.0! Use block_categories_all instead. in /app/wordpress/wp-includes/functions.php on line 5586
[15-Apr-2022 08:01:30 UTC] PHP Warning:  call_user_func_array() expects parameter 1 to be a valid callback, no array or string given in /app/wordpress/wp-includes/class-wp-hook.php on line 303
[15-Apr-2022 08:01:30 UTC] PHP Deprecated:  block_categories is <strong>deprecated</strong> since version 5.8.0! Use block_categories_all instead. in /app/wordpress/wp-includes/functions.php on line 5586
[15-Apr-2022 12:29:53 UTC] PHP Notice:  Undefined index: page in /app/wordpress/wp-content/plugins/publishpress-checklists/modules/settings/settings.php on line 427
[15-Apr-2022 12:31:05 UTC] PHP Notice:  Undefined index: page in /app/wordpress/wp-content/plugins/publishpress-checklists/modules/settings/settings.php on line 427
[15-Apr-2022 14:21:28 UTC] PHP Warning:  mysqli_real_connect(): (HY000/2002): Connection refused in /app/wordpress/wp-includes/wp-db.php on line 1753
[15-Apr-2022 14:21:28 UTC] PHP Warning:  mysqli_real_connect(): (HY000/2002): Connection refused in /app/wordpress/wp-includes/wp-db.php on line 1753
[15-Apr-2022 14:21:28 UTC] PHP Warning:  mysqli_real_connect(): (HY000/2002): Connection refused in /app/wordpress/wp-includes/wp-db.php on line 1753
[15-Apr-2022 14:21:28 UTC] PHP Warning:  mysqli_real_connect(): (HY000/2002): Connection refused in /app/wordpress/wp-includes/wp-db.php on line 1753
[15-Apr-2022 14:56:11 UTC] PHP Notice:  Undefined index: page in /app/wordpress/wp-content/plugins/publishpress-checklists/modules/settings/settings.php on line 427
[15-Apr-2022 17:37:55 UTC] PHP Parse error:  syntax error, unexpected '|' in /app/wordpress/wp-content/plugins/rt-scripts-optimizer/rt-scripts-optimizer.php on line 205
[15-Apr-2022 17:37:55 UTC] PHP Fatal error:  Exception thrown without a stack frame in Unknown on line 0
[15-Apr-2022 17:37:55 UTC] PHP Parse error:  syntax error, unexpected '|' in /app/wordpress/wp-content/plugins/rt-scripts-optimizer/rt-scripts-optimizer.php on line 205
[15-Apr-2022 17:37:55 UTC] PHP Fatal error:  Exception thrown without a stack frame in Unknown on line 0
[15-Apr-2022 17:38:55 UTC] PHP Parse error:  syntax error, unexpected '|' in /app/wordpress/wp-content/plugins/rt-scripts-optimizer/rt-scripts-optimizer.php on line 205
[15-Apr-2022 17:38:55 UTC] PHP Fatal error:  Exception thrown without a stack frame in Unknown on line 0
[15-Apr-2022 17:38:55 UTC] PHP Parse error:  syntax error, unexpected '|' in /app/wordpress/wp-content/plugins/rt-scripts-optimizer/rt-scripts-optimizer.php on line 205
[15-Apr-2022 17:38:55 UTC] PHP Fatal error:  Exception thrown without a stack frame in Unknown on line 0
[15-Apr-2022 17:39:55 UTC] PHP Parse error:  syntax error, unexpected '|' in /app/wordpress/wp-content/plugins/rt-scripts-optimizer/rt-scripts-optimizer.php on line 205
[15-Apr-2022 17:39:55 UTC] PHP Fatal error:  Exception thrown without a stack frame in Unknown on line 0
[15-Apr-2022 17:40:56 UTC] PHP Parse error:  syntax error, unexpected '|' in /app/wordpress/wp-content/plugins/rt-scripts-optimizer/rt-scripts-optimizer.php on line 205
[15-Apr-2022 17:40:56 UTC] PHP Fatal error:  Exception thrown without a stack frame in Unknown on line 0
[15-Apr-2022 17:41:41 UTC] PHP Parse error:  syntax error, unexpected '|' in /app/wordpress/wp-content/plugins/rt-scripts-optimizer/rt-scripts-optimizer.php on line 205
[15-Apr-2022 17:41:41 UTC] PHP Fatal error:  Exception thrown without a stack frame in Unknown on line 0
[15-Apr-2022 17:41:44 UTC] PHP Parse error:  syntax error, unexpected '|' in /app/wordpress/wp-content/plugins/rt-scripts-optimizer/rt-scripts-optimizer.php on line 205
[15-Apr-2022 17:41:44 UTC] PHP Fatal error:  Exception thrown without a stack frame in Unknown on line 0
[15-Apr-2022 17:41:48 UTC] PHP Parse error:  syntax error, unexpected '|' in /app/wordpress/wp-content/plugins/rt-scripts-optimizer/rt-scripts-optimizer.php on line 205
[15-Apr-2022 17:41:48 UTC] PHP Fatal error:  Exception thrown without a stack frame in Unknown on line 0
[15-Apr-2022 17:41:57 UTC] PHP Parse error:  syntax error, unexpected '|' in /app/wordpress/wp-content/plugins/rt-scripts-optimizer/rt-scripts-optimizer.php on line 205
[15-Apr-2022 17:41:57 UTC] PHP Fatal error:  Exception thrown without a stack frame in Unknown on line 0
[15-Apr-2022 17:42:06 UTC] PHP Parse error:  syntax error, unexpected '|' in /app/wordpress/wp-content/plugins/rt-scripts-optimizer/rt-scripts-optimizer.php on line 205
[15-Apr-2022 17:42:06 UTC] PHP Fatal error:  Exception thrown without a stack frame in Unknown on line 0
[15-Apr-2022 17:42:24 UTC] PHP Parse error:  syntax error, unexpected '|' in /app/wordpress/wp-content/plugins/rt-scripts-optimizer/rt-scripts-optimizer.php on line 205
[15-Apr-2022 17:42:24 UTC] PHP Fatal error:  Exception thrown without a stack frame in Unknown on line 0
[15-Apr-2022 17:42:28 UTC] PHP Parse error:  syntax error, unexpected '|' in /app/wordpress/wp-content/plugins/rt-scripts-optimizer/rt-scripts-optimizer.php on line 205
[15-Apr-2022 17:42:28 UTC] PHP Fatal error:  Exception thrown without a stack frame in Unknown on line 0
[15-Apr-2022 17:42:31 UTC] PHP Parse error:  syntax error, unexpected '|' in /app/wordpress/wp-content/plugins/rt-scripts-optimizer/rt-scripts-optimizer.php on line 205
[15-Apr-2022 17:42:31 UTC] PHP Fatal error:  Exception thrown without a stack frame in Unknown on line 0
[15-Apr-2022 17:42:51 UTC] PHP Warning:  mysqli_real_connect(): (HY000/2002): Connection refused in /app/wordpress/wp-includes/wp-db.php on line 1753
[15-Apr-2022 17:42:51 UTC] PHP Warning:  mysqli_real_connect(): (HY000/2002): Connection refused in /app/wordpress/wp-includes/wp-db.php on line 1753
[15-Apr-2022 17:42:51 UTC] PHP Warning:  mysqli_real_connect(): (HY000/2002): Connection refused in /app/wordpress/wp-includes/wp-db.php on line 1753
[15-Apr-2022 17:42:51 UTC] PHP Warning:  mysqli_real_connect(): (HY000/2002): Connection refused in /app/wordpress/wp-includes/wp-db.php on line 1753
[15-Apr-2022 17:43:16 UTC] PHP Parse error:  syntax error, unexpected '|' in /app/wordpress/wp-content/plugins/rt-scripts-optimizer/rt-scripts-optimizer.php on line 205
[15-Apr-2022 17:43:16 UTC] PHP Fatal error:  Exception thrown without a stack frame in Unknown on line 0
[15-Apr-2022 17:44:09 UTC] PHP Notice:  Undefined index: page in /app/wordpress/wp-content/plugins/publishpress-checklists/modules/settings/settings.php on line 427
[15-Apr-2022 17:44:31 UTC] PHP Notice:  Undefined index: page in /app/wordpress/wp-content/plugins/publishpress-checklists/modules/settings/settings.php on line 427
[15-Apr-2022 20:43:22 UTC] PHP Warning:  mysqli_real_connect(): (HY000/2002): Connection refused in /app/wordpress/wp-includes/wp-db.php on line 1753
[15-Apr-2022 20:43:22 UTC] PHP Warning:  mysqli_real_connect(): (HY000/2002): Connection refused in /app/wordpress/wp-includes/wp-db.php on line 1753
[15-Apr-2022 20:43:22 UTC] PHP Warning:  mysqli_real_connect(): (HY000/2002): Connection refused in /app/wordpress/wp-includes/wp-db.php on line 1753
[15-Apr-2022 20:43:22 UTC] PHP Warning:  mysqli_real_connect(): (HY000/2002): Connection refused in /app/wordpress/wp-includes/wp-db.php on line 1753
[15-Apr-2022 20:43:33 UTC] PHP Notice:  Undefined index: HTTP_HOST in /app/wordpress/wp-includes/functions.php on line 5996
